<?xml version="1.0" encoding="UTF-8"?>
<testsuite name="entity_tests.PlayerTest" tests="13" skipped="0" failures="0" errors="0" timestamp="2022-11-08T06:55:30" hostname="LAPTOP-Q425K8M3" time="0.047">
  <properties/>
  <testcase name="Test Get Currect Hit Point" classname="entity_tests.PlayerTest" time="0.016"/>
  <testcase name="Test Change Collectible Amount" classname="entity_tests.PlayerTest" time="0.005"/>
  <testcase name="Test Exception of Set Player Location" classname="entity_tests.PlayerTest" time="0.003"/>
  <testcase name="Test Get Max Hit Point" classname="entity_tests.PlayerTest" time="0.0"/>
  <testcase name="Test Set Location of Player" classname="entity_tests.PlayerTest" time="0.002"/>
  <testcase name="Test for Exceptions in getEquipment" classname="entity_tests.PlayerTest" time="0.005"/>
  <testcase name="Test Get Collectible" classname="entity_tests.PlayerTest" time="0.002"/>
  <testcase name="Test Get Player Location" classname="entity_tests.PlayerTest" time="0.001"/>
  <testcase name="Test Change Current Hit Point" classname="entity_tests.PlayerTest" time="0.002"/>
  <testcase name="Test for Changing Weapon" classname="entity_tests.PlayerTest" time="0.001"/>
  <testcase name="Test Get Attack Point" classname="entity_tests.PlayerTest" time="0.001"/>
  <testcase name="Test for Changing Armor" classname="entity_tests.PlayerTest" time="0.001"/>
  <testcase name="Test Get Equipment" classname="entity_tests.PlayerTest" time="0.001"/>
  <system-out><![CDATA[]]></system-out>
  <system-err><![CDATA[]]></system-err>
</testsuite>
