<?xml version="1.0" encoding="UTF-8"?>
<testsuite name="entity_tests.CollectibleInventoryTest" tests="1" skipped="0" failures="0" errors="0" timestamp="2022-11-08T05:11:07" hostname="LAPTOP-Q425K8M3" time="0.013">
  <properties/>
  <testcase name="Test to subtract amount to Essence and Artifact" classname="entity_tests.CollectibleInventoryTest" time="0.013"/>
  <system-out><![CDATA[]]></system-out>
  <system-err><![CDATA[]]></system-err>
</testsuite>
