<?xml version="1.0" encoding="UTF-8"?>
<testsuite name="entity_tests.PlayerTest" tests="1" skipped="0" failures="0" errors="0" timestamp="2022-11-08T06:16:52" hostname="LAPTOP-Q425K8M3" time="0.015">
  <properties/>
  <testcase name="Test for Exceptions in getEquipment" classname="entity_tests.PlayerTest" time="0.015"/>
  <system-out><![CDATA[]]></system-out>
  <system-err><![CDATA[]]></system-err>
</testsuite>
