<?xml version="1.0" encoding="UTF-8"?>
<testsuite name="usecase_event_tests.ArtifactEventTest" tests="2" skipped="0" failures="0" errors="0" timestamp="2022-11-08T07:25:27" hostname="LAPTOP-Q425K8M3" time="0.021">
  <properties/>
  <testcase name="Test Trigger" classname="usecase_event_tests.ArtifactEventTest" time="0.017"/>
  <testcase name="Test Enter" classname="usecase_event_tests.ArtifactEventTest" time="0.003"/>
  <system-out><![CDATA[]]></system-out>
  <system-err><![CDATA[]]></system-err>
</testsuite>
